app/build/intermediates/manifest_merge_blame_file/release/manifest-merger-blame-release-report.txt
1<?xml version="1.0" encoding="utf-8"?>
2<manifest xmlns:android="http://schemas.android.com/apk/res/android"
3    package="com.example.myandroidapp"
4    android:versionCode="1"
5    android:versionName="1.0" >
6
7    <uses-sdk
8        android:minSdkVersion="21"
8-->src/main/AndroidManifest.xml
9        android:targetSdkVersion="32" />
9-->src/main/AndroidManifest.xml
10
11    <application
11-->src/main/AndroidManifest.xml:5:5-30:19
12        android:allowBackup="true"
12-->src/main/AndroidManifest.xml:6:9-35
13        android:appComponentFactory="androidx.core.app.CoreComponentFactory"
13-->[androidx.core:core:1.7.0] AndroidManifest.xml:24:18-86
14        android:dataExtractionRules="@xml/data_extraction_rules"
14-->src/main/AndroidManifest.xml:7:9-65
15        android:fullBackupContent="@xml/backup_rules"
15-->src/main/AndroidManifest.xml:8:9-54
16        android:icon="@mipmap/ic_launcher"
16-->src/main/AndroidManifest.xml:9:9-43
17        android:label="@string/app_name"
17-->src/main/AndroidManifest.xml:10:9-41
18        android:roundIcon="@mipmap/ic_launcher_round"
18-->src/main/AndroidManifest.xml:11:9-54
19        android:supportsRtl="true"
19-->src/main/AndroidManifest.xml:12:9-35
20        android:theme="@style/Theme.MyAndroidApp" >
20-->src/main/AndroidManifest.xml:13:9-50
21        <activity
21-->src/main/AndroidManifest.xml:15:9-29:20
22            android:name="com.example.myandroidapp.MainActivity"
22-->src/main/AndroidManifest.xml:16:13-41
23            android:exported="true"
23-->src/main/AndroidManifest.xml:17:13-36
24            android:label="@string/app_name"
24-->src/main/AndroidManifest.xml:18:13-45
25            android:theme="@style/Theme.MyAndroidApp" >
25-->src/main/AndroidManifest.xml:19:13-54
26            <intent-filter>
26-->src/main/AndroidManifest.xml:20:13-24:29
27                <action android:name="android.intent.action.MAIN" />
27-->src/main/AndroidManifest.xml:21:17-69
27-->src/main/AndroidManifest.xml:21:25-66
28
29                <category android:name="android.intent.category.LAUNCHER" />
29-->src/main/AndroidManifest.xml:23:17-77
29-->src/main/AndroidManifest.xml:23:27-74
30            </intent-filter>
31
32            <meta-data
32-->src/main/AndroidManifest.xml:26:13-28:36
33                android:name="android.app.lib_name"
33-->src/main/AndroidManifest.xml:27:17-52
34                android:value="" />
34-->src/main/AndroidManifest.xml:28:17-33
35        </activity>
36
37        <provider
37-->[androidx.profileinstaller:profileinstaller:1.1.0] AndroidManifest.xml:26:9-34:20
38            android:name="androidx.startup.InitializationProvider"
38-->[androidx.profileinstaller:profileinstaller:1.1.0] AndroidManifest.xml:27:13-67
39            android:authorities="com.example.myandroidapp.androidx-startup"
39-->[androidx.profileinstaller:profileinstaller:1.1.0] AndroidManifest.xml:28:13-68
40            android:exported="false" >
40-->[androidx.profileinstaller:profileinstaller:1.1.0] AndroidManifest.xml:29:13-37
41            <meta-data
41-->[androidx.profileinstaller:profileinstaller:1.1.0] AndroidManifest.xml:31:13-33:52
42                android:name="androidx.profileinstaller.ProfileInstallerInitializer"
42-->[androidx.profileinstaller:profileinstaller:1.1.0] AndroidManifest.xml:32:17-85
43                android:value="androidx.startup" />
43-->[androidx.profileinstaller:profileinstaller:1.1.0] AndroidManifest.xml:33:17-49
44        </provider>
45
46        <receiver
46-->[androidx.profileinstaller:profileinstaller:1.1.0] AndroidManifest.xml:36:9-45:20
47            android:name="androidx.profileinstaller.ProfileInstallReceiver"
47-->[androidx.profileinstaller:profileinstaller:1.1.0] AndroidManifest.xml:37:13-76
48            android:directBootAware="false"
48-->[androidx.profileinstaller:profileinstaller:1.1.0] AndroidManifest.xml:38:13-44
49            android:enabled="true"
49-->[androidx.profileinstaller:profileinstaller:1.1.0] AndroidManifest.xml:39:13-35
50            android:exported="true"
50-->[androidx.profileinstaller:profileinstaller:1.1.0] AndroidManifest.xml:40:13-36
51            android:permission="android.permission.DUMP" >
51-->[androidx.profileinstaller:profileinstaller:1.1.0] AndroidManifest.xml:41:13-57
52            <intent-filter>
52-->[androidx.profileinstaller:profileinstaller:1.1.0] AndroidManifest.xml:42:13-44:29
53                <action android:name="androidx.profileinstaller.action.INSTALL_PROFILE" />
53-->[androidx.profileinstaller:profileinstaller:1.1.0] AndroidManifest.xml:43:17-91
53-->[androidx.profileinstaller:profileinstaller:1.1.0] AndroidManifest.xml:43:25-88
54            </intent-filter>
55        </receiver>
56    </application>
57
58</manifest>